<?xml version="1.0" encoding="UTF-8"?>
<!-- Generated by org.testng.reporters.JUnitXMLReporter -->
<testsuite ignored="2" hostname="INDMUMBLPTMP068" failures="0" tests="0" time="0.001" errors="0" timestamp="2023-07-10T10:59:33 IST">
  <testcase classname="org.rahulshettyacademy.Ecommerce_tc_1" name="FillFormwithNoError" time="0.0">
    <ignored/>
  </testcase> <!-- FillFormwithNoError -->
  <testcase classname="org.rahulshettyacademy.Ecommerce_tc_1" name="FillForm" time="0.0">
    <ignored/>
  </testcase> <!-- FillForm -->
</testsuite>
